1629293749262	geckodriver	INFO	Listening on 127.0.0.1:50105
1629293752352	mozrunner::runner	INFO	Running command: "C:\\Program Files (x86)\\Mozilla Firefox\\firefox.exe" "--marionette" "-foreground" "-no-remote" "-profile" "C:\\Users\\Tim_eror\\AppData\\Local\\Temp\\rust_mozprofileTBrDQV"
1629293785876	geckodriver	INFO	Listening on 127.0.0.1:50168
1629293788951	mozrunner::runner	INFO	Running command: "C:\\Program Files (x86)\\Mozilla Firefox\\firefox.exe" "--marionette" "-foreground" "-no-remote" "-profile" "C:\\Users\\Tim_eror\\AppData\\Local\\Temp\\rust_mozprofilehnri5l"
1629293789305	Marionette	INFO	Marionette enabled
console.warn: SearchSettings: "get: No settings file exists, new profile?" (new NotFoundError("Could not open the file at C:\\Users\\Tim_eror\\AppData\\Local\\Temp\\rust_mozprofilehnri5l\\search.json.mozlz4", (void 0)))
1629293791492	Marionette	INFO	Listening on port 50176
1629293791643	RemoteAgent	WARN	TLS certificate errors will be ignored for this session
1629293978050	Marionette	INFO	Stopped listening on port 50176
JavaScript error: resource:///modules/Interactions.jsm, line 209: NS_ERROR_FAILURE: Component returned failure code: 0x80004005 (NS_ERROR_FAILURE) [nsIUserIdleService.removeIdleObserver]

###!!! [Parent][RunMessage] Error: Channel closing: too late to send/recv, messages will be lost

 SearchSettings: "get: No settings file exists, new profile?" (new NotFoundError("Could not open the file at C:\\Users\\Tim_eror\\AppData\\Local\\Temp\\rust_mozprofilenOye6C\\search.json.mozlz4", (void 0)))
1629293858609	Marionette	INFO	Listening on port 50253
1629293859029	RemoteAgent	WARN	TLS certificate errors will be ignored for this session
1629293862381	Marionette	INFO	Stopped listening on port 50253
JavaScript error: resource:///modules/Interactions.jsm, line 209: NS_ERROR_FAILURE: Component returned failure code: 0x80004005 (NS_ERROR_FAILURE) [nsIUserIdleService.removeIdleObserver]

###!!! [Parent][RunMessage] Error: Channel closing: too late to send/recv, messages will be lost

1629294031207	geckodriver	INFO	Listening on 127.0.0.1:50107
1629294034309	mozrunner::runner	INFO	Running command: "C:\\Program Files (x86)\\Mozilla Firefox\\firefox.exe" "--marionette" "-foreground" "-no-remote" "-profile" "C:\\Users\\Tim_eror\\AppData\\Local\\Temp\\rust_mozprofileIBHA2W"
1629294034669	Marionette	INFO	Marionette enabled
console.warn: SearchSettings: "get: No settings file exists, new profile?" (new NotFoundError("Could not open the file at C:\\Users\\Tim_eror\\AppData\\Local\\Temp\\rust_mozprofileIBHA2W\\search.json.mozlz4", (void 0)))
1629294036828	Marionette	INFO	Listening on port 50115
1629294036994	RemoteAgent	WARN	TLS certificate errors will be ignored for this session
1629294108923	Marionette	INFO	Stopped listening on port 50115
JavaScript error: resource:///modules/Interactions.jsm, line 209: NS_ERROR_FAILURE: Component returned failure code: 0x80004005 (NS_ERROR_FAILURE) [nsIUserIdleService.removeIdleObserver]

###!!! [Parent][RunMessage] Error: Channel closing: too late to send/recv, messages will be lost

1629294135626	geckodriver	INFO	Listening on 127.0.0.1:50179
1629294138694	mozrunner::runner	INFO	Running command: "C:\\Program Files (x86)\\Mozilla Firefox\\firefox.exe" "--marionette" "-foreground" "-no-remote" "-profile" "C:\\Users\\Tim_eror\\AppData\\Local\\Temp\\rust_mozprofilec47Z9x"
1629294139074	Marionette	INFO	Marionette enabled
console.warn: SearchSettings: "get: No settings file exists, new profile?" (new NotFoundError("Could not open the file at C:\\Users\\Tim_eror\\AppData\\Local\\Temp\\rust_mozprofilec47Z9x\\search.json.mozlz4", (void 0)))
1629294141144	Marionette	INFO	Listening on port 50187
1629294141389	RemoteAgent	WARN	TLS certificate errors will be ignored for this session
1629294411379	Marionette	INFO	Stopped listening on port 50187
JavaScript error: resource:///modules/Interactions.jsm, line 209: NS_ERROR_FAILURE: Component returned failure code: 0x80004005 (NS_ERROR_FAILURE) [nsIUserIdleService.removeIdleObserver]

###!!! [Parent][RunMessage] Error: Channel closing: too late to send/recv, messages will be lost

 SearchSettings: "get: No settings file exists, new profile?" (new NotFoundError("Could not open the file at C:\\Users\\Tim_eror\\AppData\\Local\\Temp\\rust_mozprofile1oKLI5\\search.json.mozlz4", (void 0)))
1629294260516	Marionette	INFO	Listening on port 50258
1629294261030	RemoteAgent	WARN	TLS certificate errors will be ignored for this session
1629294411818	Marionette	INFO	Stopped listening on port 50258
JavaScript error: resource:///modules/Interactions.jsm, line 209: NS_ERROR_FAILURE: Component returned failure code: 0x80004005 (NS_ERROR_FAILURE) [nsIUserIdleService.removeIdleObserver]

###!!! [Parent][RunMessage] Error: Channel closing: too late to send/recv, messages will be lost

 SearchSettings: "get: No settings file exists, new profile?" (new NotFoundError("Could not open the file at C:\\Users\\Tim_eror\\AppData\\Local\\Temp\\rust_mozprofileeUNvg3\\search.json.mozlz4", (void 0)))
1629294302965	Marionette	INFO	Listening on port 50328

###!!! [Child][MessageChannel] Error: (msgtype=0x390097,name=PContent::Msg_InitBackground) Channel closing: too late to send/recv, messages will be lost


###!!! [Child][MessageChannel] Error: (msgtype=0x3900D3,name=PContent::Msg_ScriptErrorWithStack) Channel closing: too late to send/recv, messages will be lost

1629294303477	RemoteAgent	WARN	TLS certificate errors will be ignored for this session
1629294310196	Marionette	INFO	Stopped listening on port 50328
JavaScript error: resource:///modules/Interactions.jsm, line 209: NS_ERROR_FAILURE: Component returned failure code: 0x80004005 (NS_ERROR_FAILURE) [nsIUserIdleService.removeIdleObserver]

###!!! [Parent][RunMessage] Error: Channel closing: too late to send/recv, messages will be lost

1629294473613	geckodriver	INFO	Listening on 127.0.0.1:50392
1629294476680	mozrunner::runner	INFO	Running command: "C:\\Program Files (x86)\\Mozilla Firefox\\firefox.exe" "--marionette" "-foreground" "-no-remote" "-profile" "C:\\Users\\Tim_eror\\AppData\\Local\\Temp\\rust_mozprofileRmzC8V"
1629294477095	Marionette	INFO	Marionette enabled
console.warn: SearchSettings: "get: No settings file exists, new profile?" (new NotFoundError("Could not open the file at C:\\Users\\Tim_eror\\AppData\\Local\\Temp\\rust_mozprofileRmzC8V\\search.json.mozlz4", (void 0)))
1629294479267	Marionette	INFO	Listening on port 50400
1629294479390	RemoteAgent	WARN	TLS certificate errors will be ignored for this session
JavaScript error: resource://gre/actors/AutoCompleteChild.jsm, line 125: Error: Invalid autocomplete selectedIndex
1629294484221	Marionette	INFO	Stopped listening on port 50400
JavaScript error: resource:///modules/Interactions.jsm, line 209: NS_ERROR_FAILURE: Component returned failure code: 0x80004005 (NS_ERROR_FAILURE) [nsIUserIdleService.removeIdleObserver]

###!!! [Parent][RunMessage] Error: Channel closing: too late to send/recv, messages will be lost

1629294510104	geckodriver	INFO	Listening on 127.0.0.1:50466
1629294513177	mozrunner::runner	INFO	Running command: "C:\\Program Files (x86)\\Mozilla Firefox\\firefox.exe" "--marionette" "-foreground" "-no-remote" "-profile" "C:\\Users\\Tim_eror\\AppData\\Local\\Temp\\rust_mozprofile86I6Ie"
1629294513531	Marionette	INFO	Marionette enabled
console.warn: SearchSettings: "get: No settings file exists, new profile?" (new NotFoundError("Could not open the file at C:\\Users\\Tim_eror\\AppData\\Local\\Temp\\rust_mozprofile86I6Ie\\search.json.mozlz4", (void 0)))
1629294515600	Marionette	INFO	Listening on port 50474

###!!! [Child][MessageChannel] Error: (msgtype=0x390143,name=PContent::Msg_AsyncMessage) Channel closing: too late to send/recv, messages will be lost


###!!! [Child][MessageChannel] Error: (msgtype=0x390097,name=PContent::Msg_InitBackground) Channel closing: too late to send/recv, messages will be lost


###!!! [Child][MessageChannel] Error: (msgtype=0x390097,name=PContent::Msg_InitBackground) Channel closing: too late to send/recv, messages will be lost

1629294515870	RemoteAgent	WARN	TLS certificate errors will be ignored for this session
JavaScript error: resource://gre/actors/AutoCompleteChild.jsm, line 125: Error: Invalid autocomplete selectedIndex
console.error: services.settings: 
  main/doh-providers Signature failed  InvalidSignatureError: Invalid content signature (main/doh-providers)
console.error: services.settings: 
  main/doh-providers local data was corrupted
console.warn: services.settings: main/doh-providers Signature verified failed. Retry from scratch
console.error: services.settings: 
  main/doh-config Signature failed  InvalidSignatureError: Invalid content signature (main/doh-config)
console.error: services.settings: 
  main/doh-config local data was corrupted
console.warn: services.settings: main/doh-config Signature verified failed. Retry from scratch
console.log: WebExtensions: reset-default-search: starting.
console.log: WebExtensions: reset-default-search: No addons in our list are installed.
1629296003249	Marionette	INFO	Stopped listening on port 50474
JavaScript error: resource:///modules/Interactions.jsm, line 209: NS_ERROR_FAILURE: Component returned failure code: 0x80004005 (NS_ERROR_FAILURE) [nsIUserIdleService.removeIdleObserver]
rvice.removeIdleObserver]

###!!! [Parent][RunMessage] Error: Channel closing: too late to send/recv, messages will be lost

 SearchSettings: "get: No settings file exists, new profile?" (new NotFoundError("Could not open the file at C:\\Users\\Tim_eror\\AppData\\Local\\Temp\\rust_mozprofileaoj4Y2\\search.json.mozlz4", (void 0)))
1629294787394	Marionette	INFO	Listening on port 50647
1629294787547	RemoteAgent	WARN	TLS certificate errors will be ignored for this session
JavaScript error: resource://gre/actors/AutoCompleteChild.jsm, line 125: Error: Invalid autocomplete selectedIndex
1629295116530	Marionette	INFO	Stopped listening on port 50647
JavaScript error: resource:///modules/Interactions.jsm, line 209: NS_ERROR_FAILURE: Component returned failure code: 0x80004005 (NS_ERROR_FAILURE) [nsIUserIdleService.removeIdleObserver]
[Parent 24272, IPC I/O Parent] WARNING: file /builds/worker/checkouts/gecko/ipc/chromium/src/base/process_util_win.cc:167

###!!! [Parent][RunMessage] Error: Channel closing: too late to send/recv, messages will be lost

_eror\\AppData\\Local\\Temp\\rust_mozprofileQR4RcX\\search.json.mozlz4", (void 0)))
1629294899205	Marionette	INFO	Listening on port 50736
1629294899486	RemoteAgent	WARN	TLS certificate errors will be ignored for this session
JavaScript error: resource://gre/actors/AutoCompleteChild.jsm, line 125: Error: Invalid autocomplete selectedIndex
1629295116959	Marionette	INFO	Stopped listening on port 50736
JavaScript error: resource:///modules/Interactions.jsm, line 209: NS_ERROR_FAILURE: Component returned failure code: 0x80004005 (NS_ERROR_FAILURE) [nsIUserIdleService.removeIdleObserver]

###!!! [Parent][RunMessage] Error: Channel closing: too late to send/recv, messages will be lost

1629295126390	geckodriver	INFO	Listening on 127.0.0.1:50816
1629295129456	mozrunner::runner	INFO	Running command: "C:\\Program Files (x86)\\Mozilla Firefox\\firefox.exe" "--marionette" "-foreground" "-no-remote" "-profile" "C:\\Users\\Tim_eror\\AppData\\Local\\Temp\\rust_mozprofile8ZIHfE"
1629295129818	Marionette	INFO	Marionette enabled
console.warn: SearchSettings: "get: No settings file exists, new profile?" (new NotFoundError("Could not open the file at C:\\Users\\Tim_eror\\AppData\\Local\\Temp\\rust_mozprofile8ZIHfE\\search.json.mozlz4", (void 0)))
1629295131803	Marionette	INFO	Listening on port 50824
1629295132140	RemoteAgent	WARN	TLS certificate errors will be ignored for this session
JavaScript error: resource://gre/actors/AutoCompleteChild.jsm, line 125: Error: Invalid autocomplete selectedIndex
JavaScript error: , line 0: uncaught exception: Call to ping failed because Meteor is not connected
JavaScript error: , line 0: uncaught exception: Call to ping failed because Meteor is not connected
console.error: services.settings: 
  main/doh-providers Signature failed  InvalidSignatureError: Invalid content signature (main/doh-providers)
console.error: services.settings: 
  main/doh-providers local data was corrupted
console.warn: services.settings: main/doh-providers Signature verified failed. Retry from scratch
console.error: services.settings: 
  main/doh-config Signature failed  InvalidSignatureError: Invalid content signature (main/doh-config)
console.error: services.settings: 
  main/doh-config local data was corrupted
console.warn: services.settings: main/doh-config Signature verified failed. Retry from scratch
console.log: WebExtensions: reset-default-search: starting.
console.log: WebExtensions: reset-default-search: No addons in our list are installed.
1629295724255	Marionette	INFO	Stopped listening on port 50824
JavaScript error: resource:///modules/Interactions.jsm, line 209: NS_ERROR_FAILURE: Component returned failure code: 0x80004005 (NS_ERROR_FAILURE) [nsIUserIdleService.removeIdleObserver]

###!!! [Parent][RunMessage] Error: Channel closing: too late to send/recv, messages will be lost

ecv, messages will be lost

JavaScript error: resource://gre/actors/AutoCompleteChild.jsm, line 125: Error: Invalid autocomplete selectedIndex
console.error: (new TypeError("parent is null", "resource://devtools/client/inspector/shared/style-change-tracker.js", 67))
TypeError: parent is null: canMutationImpactCurrentStyles@resource://devtools/client/inspector/shared/style-change-tracker.js:67:24
onMutations@resource://devtools/client/inspector/shared/style-change-tracker.js:84:41
_emit@resource://devtools/shared/event-emitter.js:226:34
emit@resource://devtools/shared/event-emitter.js:172:18
emit@resource://devtools/shared/event-emitter.js:324:18
getMutations@resource://devtools/client/fronts/walker.js:311:10

console.error: (new TypeError("container.node.targetFront is null", "resource://devtools/client/inspector/markup/markup.js", 2309))
console.error: (new TypeError("container.node.targetFront is null", "resource://devtools/client/inspectconsole.error: services.settings: 
  main/doh-providers Signature failed  InvalidSignatureError: Invalid content signature (main/doh-providers)
console.error: services.settings: 
  main/doh-providers local data was corrupted
console.warn: services.settings: main/doh-providers Signature verified failed. Retry from scratch
console.error: services.settings: 
  main/doh-config Signature failed  InvalidSignatureError: Invalid content signature (main/doh-config)
console.error: services.settings: 
  main/doh-config local data was corrupted
console.warn: services.settings: main/doh-config Signature verified failed. Retry from scratch
1629295721744	Marionette	INFO	Stopped listening on port 51003
JavaScript error: resource:///modules/Interactions.jsm, line 209: NS_ERROR_FAILURE: Component returned failure code: 0x80004005 (NS_ERROR_FAILURE) [nsIUserIdleService.removeIdleObserver]

###!!! [Parent][RunMessage] Error: Channel closing: too late to send/recv, messages will be lost

 (NS_ERROR_FAILURE) [nsIUserIdleService.removeIdleObserver]

###!!! [Parent][RunMessage] Error: Channel closing: too late to send/recv, messages will be lost

 SearchSettings: "get: No settings file exists, new profile?" (new NotFoundError("Could not open the file at C:\\Users\\Tim_eror\\AppData\\Local\\Temp\\rust_mozprofilek2ur3R\\search.json.mozlz4", (void 0)))
1629295642242	Marionette	INFO	Listening on port 51113
1629295642378	RemoteAgent	WARN	TLS certificate errors will be ignored for this session

###!!! [Child][MessageChannel] Error: (msgtype=0x390143,name=PContent::Msg_AsyncMessage) Channel closing: too late to send/recv, messages will be lost


###!!! [Child][MessageChannel] Error: (msgtype=0x390097,name=PContent::Msg_InitBackground) Channel closing: too late to send/recv, messages will be lost


###!!! [Child][MessageChannel] Error: (msgtype=0x390097,name=PContent::Msg_InitBackground) Channel closing: too late to send/recv, messages will be lost

JavaScript error: resource://gre/actors/AutoCompleteChild.jsm, line 125: Error: Invalid autocomplete selectedIndex
1629295724755	Marionette	INFO	Stopped listening on port 51113
JavaScript error: resource:///modules/Interactions.jsm, line 209: NS_ERROR_FAILURE: Component returned failure code: 0x80004005 (NS_ERROR_FAILURE) [nsIUserIdleService.removeIdleObserver]

###!!! [Parent][RunMessage] Error: Channel closing: too late to send/recv, messages will be lost

 SearchSettings: "get: No settings file exists, new profile?" (new NotFoundError("Could not open the file at C:\\Users\\Tim_eror\\AppData\\Local\\Temp\\rust_mozprofilehBBWQk\\search.json.mozlz4", (void 0)))
1629295680682	Marionette	INFO	Listening on port 51197
1629295681113	RemoteAgent	WARN	TLS certificate errors will be ignored for this session
JavaScript error: resource://gre/actors/AutoCompleteChild.jsm, line 125: Error: Invalid autocomplete selectedIndex
1629295725262	Marionette	INFO	Stopped listening on port 51197
JavaScript error: resource:///modules/Interactions.jsm, line 209: NS_ERROR_FAILURE: Component returned failure code: 0x80004005 (NS_ERROR_FAILURE) [nsIUserIdleService.removeIdleObserver]
1629295727211	geckodriver	INFO	Listening on 127.0.0.1:51273
1629295729940	mozrunner::runner	INFO	Running command: "C:\\Program Files (x86)\\Mozilla Firefox\\firefox.exe" "--marionette" "-foreground" "-no-remote" "-profile" "C:\\Users\\Tim_eror\\AppData\\Local\\Temp\\rust_mozprofileAcjPNf"
1629295730306	Marionette	INFO	Marionette enabled
console.warn: SearchSettings: "get: No settings file exists, new profile?" (new NotFoundError("Could not open the file at C:\\Users\\Tim_eror\\AppData\\Local\\Temp\\rust_mozprofileAcjPNf\\search.json.mozlz4", (void 0)))
1629295732417	Marionette	INFO	Listening on port 51281
1629295732631	RemoteAgent	WARN	TLS certificate errors will be ignored for this session
JavaScript error: resource://gre/actors/AutoCompleteChild.jsm, line 125: Error: Invalid autocomplete selectedIndex
1629295999231	Marionette	INFO	Stopped listening on port 51281
JavaScript error: resource:///modules/Interactions.jsm, line 209: NS_ERROR_FAILURE: Component returned failure code: 0x80004005 (NS_ERROR_FAILURE) [nsIUserIdleService.removeIdleObserver]

###!!! [Parent][RunMessage] Error: Channel closing: too late to send/recv, messages will be lost

 SearchSettings: "get: No settings file exists, new profile?" (new NotFoundError("Could not open the file at C:\\Users\\Tim_eror\\AppData\\Local\\Temp\\rust_mozprofile91teq6\\search.json.mozlz4", (void 0)))
1629295759455	Marionette	INFO	Listening on port 51355
1629295759594	RemoteAgent	WARN	TLS certificate errors will be ignored for this session
JavaScript error: resource://gre/actors/AutoCompleteChild.jsm, line 125: Error: Invalid autocomplete selectedIndex
1629295999749	Marionette	INFO	Stopped listening on port 51355
JavaScript error: resource:///modules/Interactions.jsm, line 209: NS_ERROR_FAILURE: Component returned failure code: 0x80004005 (NS_ERROR_FAILURE) [nsIUserIdleService.removeIdleObserver]
a\\Local\\Temp\\rust_mozprofileaJSYah"
1629295880010	Marionette	INFO	Marionette enabled
console.warn: SearchSettings: "get: No settings file exists, new profile?" (new NotFoundError("Could not open the file at C:\\Users\\Tim_eror\\AppData\\Local\\Temp\\rust_mozprofileaJSYah\\search.json.mozlz4", (void 0)))
1629295882098	Marionette	INFO	Listening on port 59538

###!!! [Child][MessageChannel] Error: (msgtype=0x390097,name=PContent::Msg_InitBackground) Channel closing: too late to send/recv, messages will be lost


###!!! [Child][MessageChannel] Error: (msgtype=0x390097,name=PContent::Msg_InitBackground) Channel closing: too late to send/recv, messages will be lost


###!!! [Child][RunMessage] Error: Channel closing: too late to send/recv, messages will be lost

1629295882336	RemoteAgent	WARN	TLS certificate errors will be ignored for this session
JavaScript error: resource://gre/actors/AutoCompleteChild.jsm, line 125: Error: Invalid autocomplete selectedIndex
1629295997470	Marionette	INFO	Stopped listening on port 59538
JavaScript error: resource:///modules/Interactions.jsm, line 209: NS_ERROR_FAILURE: Component returned failure code: 0x80004005 (NS_ERROR_FAILURE) [nsIUserIdleService.removeIdleObserver]
1629296063921	geckodriver	INFO	Listening on 127.0.0.1:59648
1629296066987	mozrunner::runner	INFO	Running command: "C:\\Program Files (x86)\\Mozilla Firefox\\firefox.exe" "--marionette" "-foreground" "-no-remote" "-profile" "C:\\Users\\Tim_eror\\AppData\\Local\\Temp\\rust_mozprofileJLuPG0"
1629296067358	Marionette	INFO	Marionette enabled
console.warn: SearchSettings: "get: No settings file exists, new profile?" (new NotFoundError("Could not open the file at C:\\Users\\Tim_eror\\AppData\\Local\\Temp\\rust_mozprofileJLuPG0\\search.json.mozlz4", (void 0)))
1629296069333	Marionette	INFO	Listening on port 59656

###!!! [Child][MessageChannel] Error: (msgtype=0x390143,name=PContent::Msg_AsyncMessage) Channel closing: too late to send/recv, messages will be lost

1629296069680	RemoteAgent	WARN	TLS certificate errors will be ignored for this session
JavaScript error: resource://gre/actors/AutoCompleteChild.jsm, line 125: Error: Invalid autocomplete selectedIndex
1629296227277	Marionette	INFO	Stopped listening on port 59656
JavaScript error: resource:///modules/Interactions.jsm, line 209: NS_ERROR_FAILURE: Component returned failure code: 0x80004005 (NS_ERROR_FAILURE) [nsIUserIdleService.removeIdleObserver]

###!!! [Parent][RunMessage] Error: Channel closing: too late to send/recv, messages will be lost

 SearchSettings: "get: No settings file exists, new profile?" (new NotFoundError("Could not open the file at C:\\Users\\Tim_eror\\AppData\\Local\\Temp\\rust_mozprofileeQSndd\\search.json.mozlz4", (void 0)))
1629296134068	Marionette	INFO	Listening on port 59736
1629296134419	RemoteAgent	WARN	TLS certificate errors will be ignored for this session
JavaScript error: resource://gre/actors/AutoCompleteChild.jsm, line 125: Error: Invalid autocomplete selectedIndex
1629296227528	Marionette	INFO	Stopped listening on port 59736
JavaScript error: resource:///modules/Interactions.jsm, line 209: NS_ERROR_FAILURE: Component returned failure code: 0x80004005 (NS_ERROR_FAILURE) [nsIUserIdleService.removeIdleObserver]

###!!! [Parent][RunMessage] Error: Channel closing: too late to send/recv, messages will be lost

 SearchSettings: "get: No settings file exists, new profile?" (new NotFoundError("Could not open the file at C:\\Users\\Tim_eror\\AppData\\Local\\Temp\\rust_mozprofilekFB8X2\\search.json.mozlz4", (void 0)))
1629296171976	Marionette	INFO	Listening on port 59810
1629296172296	RemoteAgent	WARN	TLS certificate errors will be ignored for this session
JavaScript error: resource://gre/actors/AutoCompleteChild.jsm, line 125: Error: Invalid autocomplete selectedIndex
1629296227956	Marionette	INFO	Stopped listening on port 59810
JavaScript error: resource:///modules/Interactions.jsm, line 209: NS_ERROR_FAILURE: Component returned failure code: 0x80004005 (NS_ERROR_FAILURE) [nsIUserIdleService.removeIdleObserver]

###!!! [Parent][RunMessage] Error: Channel closing: too late to send/recv, messages will be lost

1629296229643	geckodriver	INFO	Listening on 127.0.0.1:59881
1629296232727	mozrunner::runner	INFO	Running command: "C:\\Program Files (x86)\\Mozilla Firefox\\firefox.exe" "--marionette" "-foreground" "-no-remote" "-profile" "C:\\Users\\Tim_eror\\AppData\\Local\\Temp\\rust_mozprofile7Didvh"
1629296233086	Marionette	INFO	Marionette enabled
console.warn: SearchSettings: "get: No settings file exists, new profile?" (new NotFoundError("Could not open the file at C:\\Users\\Tim_eror\\AppData\\Local\\Temp\\rust_mozprofile7Didvh\\search.json.mozlz4", (void 0)))
1629296235242	Marionette	INFO	Listening on port 59889
1629296235415	RemoteAgent	WARN	TLS certificate errors will be ignored for this session
JavaScript error: resource://gre/actors/AutoCompleteChild.jsm, line 125: Error: Invalid autocomplete selectedIndex
console.error: services.settings: 
  main/doh-providers Signature failed  InvalidSignatureError: Invalid content signature (main/doh-providers)
console.error: services.settings: 
  main/doh-providers local data was corrupted
console.warn: services.settings: main/doh-providers Signature verified failed. Retry from scratch
console.error: services.settings: 
  main/doh-config Signature failed  InvalidSignatureError: Invalid content signature (main/doh-config)
console.error: services.settings: 
  main/doh-config local data was corrupted
console.warn: services.settings: main/doh-config Signature verified failed. Retry from scratch
console.log: WebExtensions: reset-default-search: starting.
console.log: WebExtensions: reset-default-search: No addons in our list are installed.
1629301402109	Marionette	INFO	Stopped listening on port 59889
JavaScript error: resource:///modules/Interactions.jsm, line 209: NS_ERROR_FAILURE: Component returned failure code: 0x80004005 (NS_ERROR_FAILURE) [nsIUserIdleService.removeIdleObserver]

###!!! [Parent][RunMessage] Error: Channel closing: too late to send/recv, messages will be lost


console.error: services.settings: 
  main/doh-config Signature failed  InvalidSignatureError: Invalid content signature (main/doh-config)
console.error: services.settings: 
  main/doh-config local data was corrupted
console.warn: services.settings: main/doh-config Signature verified failed. Retry from scratch
console.log: WebExtensions: reset-default-search: starting.
console.log: WebExtensions: reset-default-search: No addons in our list are installed.
1629299832753	Marionette	INFO	Stopped listening on port 59994
JavaScript error: resource:///modules/Interactions.jsm, line 209: NS_ERROR_FAILURE: Component returned failure code: 0x80004005 (NS_ERROR_FAILURE) [nsIUserIdleService.removeIdleObserver]

###!!! [Parent][RunMessage] Error: Channel closing: too late to send/recv, messages will be lost


console.error: services.settings: 
  main/doh-config Signature failed  InvalidSignatureError: Invalid content signature (main/doh-config)
console.error: services.settings: 
  main/doh-config local data was corrupted
console.warn: services.settings: main/doh-config Signature verified failed. Retry from scratch
console.log: WebExtensions: reset-default-search: starting.
console.log: WebExtensions: reset-default-search: No addons in our list are installed.
1629299833159	Marionette	INFO	Stopped listening on port 60093
JavaScript error: resource:///modules/Interactions.jsm, line 209: NS_ERROR_FAILURE: Component returned failure code: 0x80004005 (NS_ERROR_FAILURE) [nsIUserIdleService.removeIdleObserver]
nature failed  InvalidSignatureError: Invalid content signature (main/doh-providers)
console.error: services.settings: 
  main/doh-providers local data was corrupted
console.warn: services.settings: main/doh-providers Signature verified failed. Retry from scratch
console.error: services.settings: 
  main/doh-config Signature failed  InvalidSignatureError: Invalid content signature (main/doh-config)
console.error: services.settings: 
  main/doh-config local data was corrupted
console.warn: services.settings: main/doh-config Signature verified failed. Retry from scratch
console.log: WebExtensions: reset-default-search: starting.
console.log: WebExtensions: reset-default-search: No addons in our list are installed.
1629299833557	Marionette	INFO	Stopped listening on port 60173
JavaScript error: resource:///modules/Interactions.jsm, line 209: NS_ERROR_FAILURE: Component returned failure code: 0x80004005 (NS_ERROR_FAILURE) [nsIUserIdleService.removeIdleObserver]

###!!! [Parent][RunMessage] Error: Channel closing: too late to send/recv, messages will be lost

ate to send/recv, messages will be lost

1629296834700	RemoteAgent	WARN	TLS certificate errors will be ignored for this session
JavaScript error: resource://gre/actors/AutoCompleteChild.jsm, line 125: Error: Invalid autocomplete selectedIndex
console.error: services.settings: 
  main/doh-providers Signature failed  InvalidSignatureError: Invalid content signature (main/doh-providers)
console.error: services.settings: 
  main/doh-providers local data was corrupted
console.warn: services.settings: main/doh-providers Signature verified failed. Retry from scratch
console.error: services.settings: 
  main/doh-config Signature failed  InvalidSignatureError: Invalid content signature (main/doh-config)
console.error: services.settings: 
  main/doh-config local data was corrupted
console.warn: services.settings: main/doh-config Signature verified failed. Retry from scratch
console.log: WebExtensions: reset-default-search: starting.
console.log: WebExtensions: reset-default-search: No addons in our list are installed.
1629299833984	Marionette	INFO	Stopped listening on port 60256
JavaScript error: resource:///modules/Interactions.jsm, line 209: NS_ERROR_FAILURE: Component returned failure code: 0x80004005 (NS_ERROR_FAILURE) [nsIUserIdleService.removeIdleObserver]

###!!! [Parent][RunMessage] Error: Channel closing: too late to send/recv, messages will be lost


console.error: services.settings: 
  main/doh-config Signature failed  InvalidSignatureError: Invalid content signature (main/doh-config)
console.error: services.settings: 
  main/doh-config local data was corrupted
console.warn: services.settings: main/doh-config Signature verified failed. Retry from scratch
console.log: WebExtensions: reset-default-search: starting.
console.log: WebExtensions: reset-default-search: No addons in our list are installed.
1629299834487	Marionette	INFO	Stopped listening on port 60357
JavaScript error: resource:///modules/Interactions.jsm, line 209: NS_ERROR_FAILURE: Component returned failure code: 0x80004005 (NS_ERROR_FAILURE) [nsIUserIdleService.removeIdleObserver]

###!!! [Parent][RunMessage] Error: Channel closing: too late to send/recv, messages will be lost

1629300916133	geckodriver	INFO	Listening on 127.0.0.1:58859
1629300919250	mozrunner::runner	INFO	Running command: "C:\\Program Files (x86)\\Mozilla Firefox\\firefox.exe" "--marionette" "-foreground" "-no-remote" "-profile" "C:\\Users\\Tim_eror\\AppData\\Local\\Temp\\rust_mozprofilehjD6g2"
1629300919596	Marionette	INFO	Marionette enabled
console.warn: SearchSettings: "get: No settings file exists, new profile?" (new NotFoundError("Could not open the file at C:\\Users\\Tim_eror\\AppData\\Local\\Temp\\rust_mozprofilehjD6g2\\search.json.mozlz4", (void 0)))
1629300921822	Marionette	INFO	Listening on port 58867
1629300921950	RemoteAgent	WARN	TLS certificate errors will be ignored for this session
JavaScript error: resource://gre/actors/AutoCompleteChild.jsm, line 125: Error: Invalid autocomplete selectedIndex
console.error: services.settings: 
  main/doh-providers Signature failed  InvalidSignatureError: Invalid content signature (main/doh-providers)
console.error: services.settings: 
  main/doh-providers local data was corrupted
console.warn: services.settings: main/doh-providers Signature verified failed. Retry from scratch
console.error: services.settings: 
  main/doh-config Signature failed  InvalidSignatureError: Invalid content signature (main/doh-config)
console.error: services.settings: 
  main/doh-config local data was corrupted
console.warn: services.settings: main/doh-config Signature verified failed. Retry from scratch
1629301402336	Marionette	INFO	Stopped listening on port 58867
JavaScript error: resource:///modules/Interactions.jsm, line 209: NS_ERROR_FAILURE: Component returned failure co1629301402878	Marionette	INFO	Stopped listening on port 51154
JavaScript error: resource:///modules/Interactions.jsm, line 209: NS_ERROR_FAILURE: Component returned failure code: 0x80004005 (NS_ERROR_FAILURE) [nsIUserIdleService.removeIdleObserver]

###!!! [Parent][RunMessage] Error: Channel closing: too late to send/recv, messages will be lost

 SearchSettings: "get: No settings file exists, new profile?" (new NotFoundError("Could not open the file at C:\\Users\\Tim_eror\\AppData\\Local\\Temp\\rust_mozprofilePVaV0W\\search.json.mozlz4", (void 0)))
1629301403626	Marionette	INFO	Listening on port 51251
1629301403966	RemoteAgent	WARN	TLS certificate errors will be ignored for this session
JavaScript error: resource://gre/actors/AutoCompleteChild.jsm, line 125: Error: Invalid autocomplete selectedIndex
1629301459170	geckodriver	INFO	Listening on 127.0.0.1:51320
1629301462258	mozrunner::runner	INFO	Running command: "C:\\Program Files (x86)\\Mozilla Firefox\\firefox.exe" "--marionette" "-foreground" "-no-remote" "-profile" "C:\\Users\\Tim_eror\\AppData\\Local\\Temp\\rust_mozprofilecpqzdP"
1629301462622	Marionette	INFO	Marionette enabled
console.warn: SearchSettings: "get: No settings file exists, new profile?" (new NotFoundError("Could not open the file at C:\\Users\\Tim_eror\\AppData\\Local\\Temp\\rust_mozprofilecpqzdP\\search.json.mozlz4", (void 0)))
1629301464618	Marionette	INFO	Listening on port 51328
1629301464966	RemoteAgent	WARN	TLS certificate errors will be ignored for this session
JavaScript error: resource://gre/actors/AutoCompleteChild.jsm, line 125: Error: Invalid autocomplete selectedIndex
1629301506497	geckodriver	INFO	Listening on 127.0.0.1:51395
1629301509587	mozrunner::runner	INFO	Running command: "C:\\Program Files (x86)\\Mozilla Firefox\\firefox.exe" "--marionette" "-foreground" "-no-remote" "-profile" "C:\\Users\\Tim_eror\\AppData\\Local\\Temp\\rust_mozprofileP74KKm"
1629301509948	Marionette	INFO	Marionette enabled
console.warn: SearchSettings: "get: No settings file exists, new profile?" (new NotFoundError("Could not open the file at C:\\Users\\Tim_eror\\AppData\\Local\\Temp\\rust_mozprofileP74KKm\\search.json.mozlz4", (void 0)))
1629301512112	Marionette	INFO	Listening on port 51403
1629301512275	RemoteAgent	WARN	TLS certificate errors will be ignored for this session
JavaScript error: resource://gre/actors/AutoCompleteChild.jsm, line 125: Error: Invalid autocomplete selectedIndex
1629301574668	Marionette	INFO	Stopped listening on port 51403
console.error: "Exception while getting unique selector" (new TypeError("this.inspector is null", "resource://devtools/client/inspector/rules/rules.js", 373))
Handler function BrowserTabList.prototype.onCloseWindow's delayed body threw an exception: TypeError: watcher.browserElement.browsingContext is null
Stack: destroyTargets@resource://devtools/server/actors/watcher/target-helpers/frame-helper.js:175:5
unwatchTargets@resource://devtools/server/actors/watcher.js:207:24
destroy@resource://devtools/server/actors/watcher.js:100:12
destroy@resource://devtools/shared/protocol/Pool.js:210:17
destroy@resource://devtools/shared/protocol/Actor.js:76:11
destroy@resource://devtools/server/actors/descriptors/tab.js:235:29
BrowserTabList.prototype._handleActorClose@resource://devtools/server/actors/webbrowser.js:429:9
BrowserTabList.prototype.onCloseWindow</<@resource://devtools/server/actors/webbrowser.js:678:16
exports.makeInfallible/<@resource://devtools/shared/ThreadSafeDevToolsUtils.js:103:22
Line: 175, column: 5
console.error: (new TypeError("watcher.browserElement.browsingContext is null", "resource://devtools/server/actors/watcher/target-helpers/frame-helper.js", 175))
console.warn: "Async method failed in safeAsyncMethod" (new Error("Connection closed, pending request to server0.conn0.child4/customhighlighter247, type hide failed\n\nRequest stack:\nrequest@resource://devtools/shared/protocol/Front.js:289:14\ngenerateRequestMethods/</frontProto[name]@resource://devtools/shared/protocol/Front/FrontClassWithSpec.js:46:19\nhide@resource://devtools/client/fronts/highlighters.js:32:18\nexports.safeAsyncMethod/<@resource://devtools/shared/async-utils.js:55:25\nhideHighlighterType@resource://devtools/client/inspector/shared/highlighters-overlay.js:640:23\nexports.safeAsyncMethod/<@resource://devtools/shared/async-utils.js:55:25\nscheduleAutoHideHighlighterType/timer<@resource://devtools/client/inspector/shared/highlighters-overlay.js:609:18\nnotify@resource://gre/modules/Timer.jsm:62:17\n", "resource://devtools/shared/protocol/Front.js", 103))
console.warn: "Inspector destroyed while executing onReflow callback"
console.warn: "Inspector destroyed while executing onReflow callback"
console.error: (new Error("Connection closed, pending request to server0.conn0.watcher2, type watchResources failed\n\nRequest stack:\nrequest@resource://devtools/shared/protocol/Front.js:289:14\ngenerateRequestMethods/</frontProto[name]@resource://devtools/shared/protocol/Front/FrontClassWithSpec.js:46:19\n_startListening@resource://devtools/shared/commands/resource/resource-command.js:912:31\n", "resource://devtools/shared/protocol/Front.js", 103))
JavaScript error: resource:///modules/Interactions.jsm, line 209: NS_ERROR_FAILURE: Component returned failure code: 0x80004005 (NS_ERROR_FAILURE) [nsIUserIdleService.removeIdleObserver]
JavaScript error: chrome://remote/content/marionette/cert.js, line 55: NS_ERROR_NOT_AVAILABLE: Component returned failure code: 0x80040111 (NS_ERROR_NOT_AVAILABLE) [nsICertOverrideService.setDisableAllSecurityChecksAndLetAttackersInterceptMyData]

###!!! [Parent][RunMessage] Error: Channel closing: too late to send/recv, messages will be lost

1629301613186	geckodriver	INFO	Listening on 127.0.0.1:51474
1629301616287	mozrunner::runner	INFO	Running command: "C:\\Program Files (x86)\\Mozilla Firefox\\firefox.exe" "--marionette" "-foreground" "-no-remote" "-profile" "C:\\Users\\Tim_eror\\AppData\\Local\\Temp\\rust_mozprofileObZktz"
1629301616640	Marionette	INFO	Marionette enabled
console.warn: SearchSettings: "get: No settings file exists, new profile?" (new NotFoundError("Could not open the file at C:\\Users\\Tim_eror\\AppData\\Local\\Temp\\rust_mozprofileObZktz\\search.json.mozlz4", (void 0)))
1629301618702	Marionette	INFO	Listening on port 51482

###!!! [Child][MessageChannel] Error: (msgtype=0x390097,name=PContent::Msg_InitBackground) Channel closing: too late to send/recv, messages will be lost


###!!! [Child][MessageChannel] Error: (msgtype=0x390097,name=PContent::Msg_InitBackground) Channel closing: too late to send/recv, messages will be lost


###!!! [Child][MessageChannel] Error: (msgtype=0x3900D3,name=PContent::Msg_ScriptErrorWithStack) Channel closing: too late to send/recv, messages will be lost

1629301618994	RemoteAgent	WARN	TLS certificate errors will be ignored for this session
JavaScript error: resource://gre/actors/AutoCompleteChild.jsm, line 125: Error: Invalid autocomplete selectedIndex
1629301847380	geckodriver	INFO	Listening on 127.0.0.1:51551
1629301850450	mozrunner::runner	INFO	Running command: "C:\\Program Files (x86)\\Mozilla Firefox\\firefox.exe" "--marionette" "-foreground" "-no-remote" "-profile" "C:\\Users\\Tim_eror\\AppData\\Local\\Temp\\rust_mozprofileJFdjWE"
1629301850858	Marionette	INFO	Marionette enabled
console.warn: SearchSettings: "get: No settings file exists, new profile?" (new NotFoundError("Could not open the file at C:\\Users\\Tim_eror\\AppData\\Local\\Temp\\rust_mozprofileJFdjWE\\search.json.mozlz4", (void 0)))
1629301853159	Marionette	INFO	Listening on port 51559
1629301853655	RemoteAgent	WARN	TLS certificate errors will be ignored for this session
JavaScript error: resource://gre/actors/AutoCompleteChild.jsm, line 125: Error: Invalid autocomplete selectedIndex
1629301882732	Marionette	INFO	Stopped listening on port 51559
JavaScript error: resource:///modules/Interactions.jsm, line 209: NS_ERROR_FAILURE: Component returned failure code: 0x80004005 (NS_ERROR_FAILURE) [nsIUserIdleService.removeIdleObserver]
JavaScript error: chrome://remote/content/marionette/cert.js, line 55: NS_ERROR_NOT_AVAILABLE: Component returned failure code: 0x80040111 (NS_ERROR_NOT_AVAILABLE) [nsICertOverrideService.setDisableAllSecurityChecksAndLetAttackersInterceptMyData]

###!!! [Parent][RunMessage] Error: Channel closing: too late to send/recv, messages will be lost

1629301904557	geckodriver	INFO	Listening on 127.0.0.1:51627
1629301907620	mozrunner::runner	INFO	Running command: "C:\\Program Files (x86)\\Mozilla Firefox\\firefox.exe" "--marionette" "-foreground" "-no-remote" "-profile" "C:\\Users\\Tim_eror\\AppData\\Local\\Temp\\rust_mozprofilelyd3Ew"
1629301907982	Marionette	INFO	Marionette enabled
console.warn: SearchSettings: "get: No settings file exists, new profile?" (new NotFoundError("Could not open the file at C:\\Users\\Tim_eror\\AppData\\Local\\Temp\\rust_mozprofilelyd3Ew\\search.json.mozlz4", (void 0)))
1629301910203	Marionette	INFO	Listening on port 51635
1629301910328	RemoteAgent	WARN	TLS certificate errors will be ignored for this session
JavaScript error: resource://gre/actors/AutoCompleteChild.jsm, line 125: Error: Invalid autocomplete selectedIndex
console.error: services.settings: 
  main/doh-providers Signature failed  InvalidSignatureError: Invalid content signature (main/doh-providers)
console.error: services.settings: 
  main/doh-providers local data was corrupted
console.warn: services.settings: main/doh-providers Signature verified failed. Retry from scratch
console.error: services.settings: 
  main/doh-config Signature failed  InvalidSignatureError: Invalid content signature (main/doh-config)
console.error: services.settings: 
  main/doh-config local data was corrupted
console.warn: services.settings: main/doh-config Signature verified failed. Retry from scratch
console.log: WebExtensions: reset-default-search: starting.
console.log: WebExtensions: reset-default-search: No addons in our list are installed.
1629312447329	Marionette	INFO	Stopped listening on port 51635
JavaScript error: resource:///modules/Interactions.jsm, line 209: NS_ERROR_FAILURE: Component returned failure code: 0x80004005 (NS_ERROR_FAILURE) [nsIUserIdleService.removeIdleObserver]
 new profile?" (new NotFoundError("Could not open the file at C:\\Users\\Tim_eror\\AppData\\Local\\Temp\\rust_mozprofileIayMGC\\search.json.mozlz4", (void 0)))
1629302384411	Marionette	INFO	Listening on port 51846

###!!! [Child][MessageChannel] Error: (msgtype=0x390097,name=PContent::Msg_InitBackground) Channel closing: too late to send/recv, messages will be lost


###!!! [Child][MessageChannel] Error: (msgtype=0x3900D3,name=PContent::Msg_ScriptErrorWithStack) Channel closing: too late to send/recv, messages will be lost

1629302384590	RemoteAgent	WARN	TLS certificate errors will be ignored for this session
JavaScript error: resource://gre/actors/AutoCompleteChild.jsm, line 125: Error: Invalid autocomplete selectedIndex
1629302410306	geckodriver	INFO	Listening on 127.0.0.1:51913
1629302413367	mozrunner::runner	INFO	Running command: "C:\\Program Files (x86)\\Mozilla Firefox\\firefox.exe" "--marionette" "-foreground" "-no-remote" "-profile" "C:\\Users\\Tim_eror\\AppData\\Local\\Temp\\rust_mozprofile3MoL9r"
1629302413716	Marionette	INFO	Marionette enabled
console.warn: SearchSettings: "get: No settings file exists, new profile?" (new NotFoundError("Could not open the file at C:\\Users\\Tim_eror\\AppData\\Local\\Temp\\rust_mozprofile3MoL9r\\search.json.mozlz4", (void 0)))
1629302415808	Marionette	INFO	Listening on port 51921
1629302416067	RemoteAgent	WARN	TLS certificate errors will be ignored for this session
JavaScript error: resource://gre/actors/AutoCompleteChild.jsm, line 125: Error: Invalid autocomplete selectedIndex
1629302459789	geckodriver	INFO	Listening on 127.0.0.1:51993
1629302462850	mozrunner::runner	INFO	Running command: "C:\\Program Files (x86)\\Mozilla Firefox\\firefox.exe" "--marionette" "-foreground" "-no-remote" "-profile" "C:\\Users\\Tim_eror\\AppData\\Local\\Temp\\rust_mozprofile7pPh1P"
1629302463201	Marionette	INFO	Marionette enabled
console.warn: SearchSettings: "get: No settings file exists, new profile?" (new NotFoundError("Could not open the file at C:\\Users\\Tim_eror\\AppData\\Local\\Temp\\rust_mozprofile7pPh1P\\search.json.mozlz4", (void 0)))
1629302465278	Marionette	INFO	Listening on port 52001

###!!! [Child][MessageChannel] Error: (msgtype=0x3900D3,name=PContent::Msg_ScriptErrorWithStack) Channel closing: too late to send/recv, messages will be lost

1629302465528	RemoteAgent	WARN	TLS certificate errors will be ignored for this session
JavaScript error: resource://gre/actors/AutoCompleteChild.jsm, line 125: Error: Invalid autocomplete selectedIndex
1629302546147	geckodriver	INFO	Listening on 127.0.0.1:52076
1629302549184	mozrunner::runner	INFO	Running command: "C:\\Program Files (x86)\\Mozilla Firefox\\firefox.exe" "--marionette" "-foreground" "-no-remote" "-profile" "C:\\Users\\Tim_eror\\AppData\\Local\\Temp\\rust_mozprofileqTh5FC"
1629302549538	Marionette	INFO	Marionette enabled
console.warn: SearchSettings: "get: No settings file exists, new profile?" (new NotFoundError("Could not open the file at C:\\Users\\Tim_eror\\AppData\\Local\\Temp\\rust_mozprofileqTh5FC\\search.json.mozlz4", (void 0)))
1629302551748	Marionette	INFO	Listening on port 52084
1629302551893	RemoteAgent	WARN	TLS certificate errors will be ignored for this session
JavaScript error: resource://gre/actors/AutoCompleteChild.jsm, line 125: Error: Invalid autocomplete selectedIndex
console.error: services.settings: 
  main/doh-providers Signature failed  InvalidSignatureError: Invalid content signature (main/doh-providers)
console.error: services.settings: 
  main/doh-providers local data was corrupted
console.warn: services.settings: main/doh-providers Signature verified failed. Retry from scratch
console.error: services.settings: 
  main/doh-config Signature failed  InvalidSignatureError: Invalid content signature (main/doh-config)
console.error: services.settings: 
  main/doh-config local data was corrupted
console.warn: services.settings: main/doh-config Signature verified failed. Retry from scratch
console.log: WebExtensions: reset-default-search: starting.
console.log: WebExtensions: reset-default-search: No addons in our list are installed.
JavaScript error: , line 0: uncaught exception: Call to ping failed because Meteor is not connected
JavaScript error: , line 0: uncaught exception: Call to ping failed because Meteor is not connected
JavaScript error: , line 0: uncaught exception: Call to ping failed because Meteor is not connected
JavaScript error: , line 0: uncaught exception: Call to ping failed because Meteor is not connected
JavaScript error: , line 0: uncaught exception: Call to ping failed because Meteor is not connected
JavaScript error: , line 0: uncaught exception: Call to ping failed because Meteor is not connected
1629391325508	geckodriver	INFO	Listening on 127.0.0.1:51612
1629391328336	mozrunner::runner	INFO	Running command: "C:\\Program Files (x86)\\Mozilla Firefox\\firefox.exe" "--marionette" "-foreground" "-no-remote" "-profile" "C:\\Users\\Tim_eror\\AppData\\Local\\Temp\\rust_mozprofilej6NyUK"
1629391328825	Marionette	INFO	Marionette enabled
console.warn: SearchSettings: "get: No settings file exists, new profile?" (new NotFoundError("Could not open the file at C:\\Users\\Tim_eror\\AppData\\Local\\Temp\\rust_mozprofilej6NyUK\\search.json.mozlz4", (void 0)))
1629391331218	Marionette	INFO	Listening on port 51620

###!!! [Child][MessageChannel] Error: (msgtype=0x390143,name=PContent::Msg_AsyncMessage) Channel closing: too late to send/recv, messages will be lost


###!!! [Child][MessageChannel] Error: (msgtype=0x390097,name=PContent::Msg_InitBackground) Channel closing: too late to send/recv, messages will be lost


###!!! [Child][MessageChannel] Error: (msgtype=0x390097,name=PContent::Msg_InitBackground) Channel closing: too late to send/recv, messages will be lost

1629391331570	RemoteAgent	WARN	TLS certificate errors will be ignored for this session
1629391344342	Marionette	INFO	Stopped listening on port 51620
JavaScript error: resource:///modules/Interactions.jsm, line 209: NS_ERROR_FAILURE: Component returned failure code: 0x80004005 (NS_ERROR_FAILURE) [nsIUserIdleService.removeIdleObserver]

###!!! [Parent][RunMessage] Error: Channel closing: too late to send/recv, messages will be lost

1629391362541	geckodriver	INFO	Listening on 127.0.0.1:51683
1629391365625	mozrunner::runner	INFO	Running command: "C:\\Program Files (x86)\\Mozilla Firefox\\firefox.exe" "--marionette" "-foreground" "-no-remote" "-profile" "C:\\Users\\Tim_eror\\AppData\\Local\\Temp\\rust_mozprofilelqPScX"
1629391366009	Marionette	INFO	Marionette enabled
console.warn: SearchSettings: "get: No settings file exists, new profile?" (new NotFoundError("Could not open the file at C:\\Users\\Tim_eror\\AppData\\Local\\Temp\\rust_mozprofilelqPScX\\search.json.mozlz4", (void 0)))
1629391368335	Marionette	INFO	Listening on port 51694
1629391368823	RemoteAgent	WARN	TLS certificate errors will be ignored for this session
1629391534729	Marionette	INFO	Stopped listening on port 51694
JavaScript error: resource:///modules/Interactions.jsm, line 209: NS_ERROR_FAILURE: Component returned failure code: 0x80004005 (NS_ERROR_FAILURE) [nsIUserIdleService.removeIdleObserver]
a\\Local\\Temp\\rust_mozprofilehFyC4v"
1629391392116	Marionette	INFO	Marionette enabled
console.warn: SearchSettings: "get: No settings file exists, new profile?" (new NotFoundError("Could not open the file at C:\\Users\\Tim_eror\\AppData\\Local\\Temp\\rust_mozprofilehFyC4v\\search.json.mozlz4", (void 0)))
1629391394509	Marionette	INFO	Listening on port 51765
1629391394932	RemoteAgent	WARN	TLS certificate errors will be ignored for this session
JavaScript error: resource://gre/actors/AutoCompleteChild.jsm, line 125: Error: Invalid autocomplete selectedIndex
1629391399212	Marionette	INFO	Stopped listening on port 51765
JavaScript error: resource:///modules/Interactions.jsm, line 209: NS_ERROR_FAILURE: Component returned failure code: 0x80004005 (NS_ERROR_FAILURE) [nsIUserIdleService.removeIdleObserver]
JavaScript error: chrome://remote/content/marionette/cert.js, line 55: NS_ERROR_NOT_AVAILABLE: Component returned failure code: 0x80040111 (NS_ERROR_NOT_AVAILABLE) [nsICertOverrideService.setDisableAllSecurityChecksAndLetAttackersInterceptMyData]
1629391532706	geckodriver	INFO	Listening on 127.0.0.1:51844
1629391535763	mozrunner::runner	INFO	Running command: "C:\\Program Files (x86)\\Mozilla Firefox\\firefox.exe" "--marionette" "-foreground" "-no-remote" "-profile" "C:\\Users\\Tim_eror\\AppData\\Local\\Temp\\rust_mozprofileD8Znh7"
1629391536203	Marionette	INFO	Marionette enabled
console.warn: SearchSettings: "get: No settings file exists, new profile?" (new NotFoundError("Could not open the file at C:\\Users\\Tim_eror\\AppData\\Local\\Temp\\rust_mozprofileD8Znh7\\search.json.mozlz4", (void 0)))
1629391538718	Marionette	INFO	Listening on port 51852
1629391538955	RemoteAgent	WARN	TLS certificate errors will be ignored for this session
JavaScript error: resource://gre/actors/AutoCompleteChild.jsm, line 125: Error: Invalid autocomplete selectedIndex
1629391631602	geckodriver	INFO	Listening on 127.0.0.1:51920
1629391634674	mozrunner::runner	INFO	Running command: "C:\\Program Files (x86)\\Mozilla Firefox\\firefox.exe" "--marionette" "-foreground" "-no-remote" "-profile" "C:\\Users\\Tim_eror\\AppData\\Local\\Temp\\rust_mozprofileBidMpG"
1629391635054	Marionette	INFO	Marionette enabled
console.warn: SearchSettings: "get: No settings file exists, new profile?" (new NotFoundError("Could not open the file at C:\\Users\\Tim_eror\\AppData\\Local\\Temp\\rust_mozprofileBidMpG\\search.json.mozlz4", (void 0)))
1629391637448	Marionette	INFO	Listening on port 51928
1629391637853	RemoteAgent	WARN	TLS certificate errors will be ignored for this session
JavaScript error: resource://gre/actors/AutoCompleteChild.jsm, line 125: Error: Invalid autocomplete selectedIndex
1629391696042	geckodriver	INFO	Listening on 127.0.0.1:51991
1629391699072	mozrunner::runner	INFO	Running command: "C:\\Program Files (x86)\\Mozilla Firefox\\firefox.exe" "--marionette" "-foreground" "-no-remote" "-profile" "C:\\Users\\Tim_eror\\AppData\\Local\\Temp\\rust_mozprofiletC8IfT"
1629391699553	Marionette	INFO	Marionette enabled
console.warn: SearchSettings: "get: No settings file exists, new profile?" (new NotFoundError("Could not open the file at C:\\Users\\Tim_eror\\AppData\\Local\\Temp\\rust_mozprofiletC8IfT\\search.json.mozlz4", (void 0)))
1629391702211	Marionette	INFO	Listening on port 51999
1629391702264	RemoteAgent	WARN	TLS certificate errors will be ignored for this session
JavaScript error: resource://gre/actors/AutoCompleteChild.jsm, line 125: Error: Invalid autocomplete selectedIndex
1629391841746	geckodriver	INFO	Listening on 127.0.0.1:52070
1629391844828	mozrunner::runner	INFO	Running command: "C:\\Program Files (x86)\\Mozilla Firefox\\firefox.exe" "--marionette" "-foreground" "-no-remote" "-profile" "C:\\Users\\Tim_eror\\AppData\\Local\\Temp\\rust_mozprofileHZtpu8"
1629391845210	Marionette	INFO	Marionette enabled
console.warn: SearchSettings: "get: No settings file exists, new profile?" (new NotFoundError("Could not open the file at C:\\Users\\Tim_eror\\AppData\\Local\\Temp\\rust_mozprofileHZtpu8\\search.json.mozlz4", (void 0)))
1629391847366	Marionette	INFO	Listening on port 52078
1629391847521	RemoteAgent	WARN	TLS certificate errors will be ignored for this session
JavaScript error: resource://gre/actors/AutoCompleteChild.jsm, line 125: Error: Invalid autocomplete selectedIndex
1629391888612	Marionette	INFO	Stopped listening on port 52071629391890416	mozrunner::runner	INFO	Running command: "C:\\Program Files (x86)\\Mozilla Firefox\\firefox.exe" "--marionette" "-foreground" "-no-remote" "-profile" "C:\\Users\\Tim_eror\\AppData\\Local\\Temp\\rust_mozprofilekjYfHF"
1629391890797	Marionette	INFO	Marionette enabled
console.warn: SearchSettings: "get: No settings file exists, new profile?" (new NotFoundError("Could not open the file at C:\\Users\\Tim_eror\\AppData\\Local\\Temp\\rust_mozprofilekjYfHF\\search.json.mozlz4", (void 0)))
1629391893088	Marionette	INFO	Listening on port 52153
1629391893593	RemoteAgent	WARN	TLS certificate errors will be ignored for this session
JavaScript error: resource://gre/actors/AutoCompleteChild.jsm, line 125: Error: Invalid autocomplete selectedIndex
1629391970677	geckodriver	INFO	Listening on 127.0.0.1:52230
1629391973745	mozrunner::runner	INFO	Running command: "C:\\Program Files (x86)\\Mozilla Firefox\\firefox.exe" "--marionette" "-foreground" "-no-remote" "-profile" "C:\\Users\\Tim_eror\\AppData\\Local\\Temp\\rust_mozprofileqxN53P"
1629391974138	Marionette	INFO	Marionette enabled
console.warn: SearchSettings: "get: No settings file exists, new profile?" (new NotFoundError("Could not open the file at C:\\Users\\Tim_eror\\AppData\\Local\\Temp\\rust_mozprofileqxN53P\\search.json.mozlz4", (void 0)))
1629391976607	Marionette	INFO	Listening on port 52238
1629391976943	RemoteAgent	WARN	TLS certificate errors will be ignored for this session
JavaScript error: resource://gre/actors/AutoCompleteChild.jsm, line 125: Error: Invalid autocomplete selectedIndex
1629392307428	geckodriver	INFO	Listening on 127.0.0.1:52332
1629392310503	mozrunner::runner	INFO	Running command: "C:\\Program Files (x86)\\Mozilla Firefox\\firefox.exe" "--marionette" "-foreground" "-no-remote" "-profile" "C:\\Users\\Tim_eror\\AppData\\Local\\Temp\\rust_mozprofilefZv0V0"
1629392310924	Marionette	INFO	Marionette enabled
console.warn: SearchSettings: "get: No settings file exists, new profile?" (new NotFoundError("Could not open the file at C:\\Users\\Tim_eror\\AppData\\Local\\Temp\\rust_mozprofilefZv0V0\\search.json.mozlz4", (void 0)))
JavaScript error: resource:///modules/Interactions.jsm, line 209: NS_ERROR_FAILURE: Component returned failure code: 0x80004005 (NS_ERROR_FAILURE) [nsIUserIdleService.removeIdleObserver]
console.warn: services.settings: main/message-groups sync interrupted by shutdown
[Parent 28548, IPC I/O Parent] WARNING: file /builds/worker/checkouts/gecko/ipc/chromium/src/base/process_util_win.cc:167
1629392491171	geckodriver	INFO	Listening on 127.0.0.1:52366
1629392494230	mozrunner::runner	INFO	Running command: "C:\\Program Files (x86)\\Mozilla Firefox\\firefox.exe" "--marionette" "-foreground" "-no-remote" "-profile" "C:\\Users\\Tim_eror\\AppData\\Local\\Temp\\rust_mozprofile3ez07j"
1629392494707	Marionette	INFO	Marionette enabled
console.warn: SearchSettings: "get: No settings file exists, new profile?" (new NotFoundError("Could not open the file at C:\\Users\\Tim_eror\\AppData\\Local\\Temp\\rust_mozprofile3ez07j\\search.json.mozlz4", (void 0)))
1629392497071	Marionette	INFO	Listening on port 52374
1629392497409	RemoteAgent	WARN	TLS certificate errors will be ignored for this session
JavaScript error: resource://gre/actors/AutoCompleteChild.jsm, line 125: Error: Invalid autocomplete selectedIndex
1629392505464	Marionette	INFO	Stopped listening on port 52374
JavaScript error: resource:///modules/Interactions.jsm, line 209: NS_ERROR_FAILURE: Component returned failure code: 0x80004005 (NS_ERROR_FAILURE) [nsIUserIdleService.removeIdleObserver]
JavaScript error: chrome://remote/content/marionette/cert.js, line 55: NS_ERROR_NOT_AVAILABLE: Component returned failure code: 0x80040111 (NS_ERROR_NOT_AVAILABLE) [nsICertOverrideService.setDisableAllSecurityChecksAndLetAttackersInterceptMyData]
1629392543941	geckodriver	INFO	Listening on 127.0.0.1:52441
1629392573140	geckodriver	INFO	Listening on 127.0.0.1:52447
1629392576206	mozrunner::runner	INFO	Running command: "C:\\Program Files (x86)\\Mozilla Firefox\\firefox.exe" "--marionette" "-foreground" "-no-remote" "-profile" "C:\\Users\\Tim_eror\\AppData\\Local\\Temp\\rust_mozprofile9cUYPZ"
1629392576582	Marionette	INFO	Marionette enabled
console.warn: SearchSettings: "get: No settings file exists, new profile?" (new NotFoundError("Could not open the file at C:\\Users\\Tim_eror\\AppData\\Local\\Temp\\rust_mozprofile9cUYPZ\\search.json.mozlz4", (void 0)))
1629392578877	Marionette	INFO	Listening on port 52455
1629392578922	RemoteAgent	WARN	TLS certificate errors will be ignored for this session
JavaScript error: resource://gre/actors/AutoCompleteChild.jsm, line 125: Error: Invalid autocomplete selectedIndex
1629392670924	geckodriver	INFO	Listening on 127.0.0.1:52531
1629392673971	mozrunner::runner	INFO	Running command: "C:\\Program Files (x86)\\Mozilla Firefox\\firefox.exe" "--marionette" "-foreground" "-no-remote" "-profile" "C:\\Users\\Tim_eror\\AppData\\Local\\Temp\\rust_mozprofileykEnVy"
1629392674476	Marionette	INFO	Marionette enabled
1629393091893	geckodriver	INFO	Listening on 127.0.0.1:62495
1629393094986	mozrunner::runner	INFO	Running command: "C:\\Program Files (x86)\\Mozilla Firefox\\firefox.exe" "--marionette" "-foreground" "-no-remote" "-profile" "C:\\Users\\Tim_eror\\AppData\\Local\\Temp\\rust_mozprofileeJ63Mn"
1629393095368	Marionette	INFO	Marionette enabled
console.warn: SearchSettings: "get: No settings file exists, new profile?" (new NotFoundError("Could not open the file at C:\\Users\\Tim_eror\\AppData\\Local\\Temp\\rust_mozprofileeJ63Mn\\search.json.mozlz4", (void 0)))
1629393097719	Marionette	INFO	Listening on port 62503
1629393098170	RemoteAgent	WARN	TLS certificate errors will be ignored for this session
JavaScript error: resource://gre/actors/AutoCompleteChild.jsm, line 125: Error: Invalid autocomplete selectedIndex
1629393227341	geckodriver	INFO	Listening on 127.0.0.1:62590
1629393230412	mozrunner::runner	INFO	Running command: "C:\\Program Files (x86)\\Mozilla Firefox\\firefox.exe" "--marionette" "-foreground" "-no-remote" "-profile" "C:\\Users\\Tim_eror\\AppData\\Local\\Temp\\rust_mozprofileaGckOG"
1629393230819	Marionette	INFO	Marionette enabled
console.warn: SearchSettings: "get: No settings file exists, new profile?" (new NotFoundError("Could not open the file at C:\\Users\\Tim_eror\\AppData\\Local\\Temp\\rust_mozprofileaGckOG\\search.json.mozlz4", (void 0)))
1629393233077	Marionette	INFO	Listening on port 62598

###!!! [Child][MessageChannel] Error: (msgtype=0x390097,name=PContent::Msg_InitBackground) Channel closing: too late to send/recv, messages will be lost


###!!! [Child][MessageChannel] Error: (msgtype=0x390097,name=PContent::Msg_InitBackground) Channel closing: too late to send/recv, messages will be lost


###!!! [Child][MessageChannel] Error: (msgtype=0x3900D3,name=PContent::Msg_ScriptErrorWithStack) Channel closing: too late to send/recv, messages will be lost

1629393233594	RemoteAgent	WARN	TLS certificate errors will be ignored for this session
JavaScript error: resource://gre/actors/AutoCompleteChild.jsm, line 125: Error: Invalid autocomplete selectedIndex
console.error: services.settings: 
  main/doh-providers Signature failed  InvalidSignatureError: Invalid content signature (main/doh-providers)
console.error: services.settings: 
  main/doh-providers local data was corrupted
console.warn: services.settings: main/doh-providers Signature verified failed. Retry from scratch
console.error: services.settings: 
  main/doh-config Signature failed  InvalidSignatureError: Invalid content signature (main/doh-config)
console.error: services.settings: 
  main/doh-config local data was corrupted
console.warn: services.settings: main/doh-config Signature verified failed. Retry from scratch
console.log: WebExtensions: reset-default-search: starting.
console.log: WebExtensions: reset-default-search: No addons in our list are installed.
